2021-02-24T17:27:57 [DEBUG] CookieJar - Created and will store cookies in: "/tmp/tmp0fp7lc_w"
2021-02-24T17:27:57 [DEBUG] Set  "http"  proxy to:  "" : 1080
2021-02-24T17:27:57 [DEBUG] Phantom - execute: Configuration
2021-02-24T17:27:57 [DEBUG]      0 objectName : ""
2021-02-24T17:27:57 [DEBUG]      1 cookiesFile : "/tmp/tmp0fp7lc_w"
2021-02-24T17:27:57 [DEBUG]      2 diskCacheEnabled : "false"
2021-02-24T17:27:57 [DEBUG]      3 maxDiskCacheSize : "-1"
2021-02-24T17:27:57 [DEBUG]      4 diskCachePath : ""
2021-02-24T17:27:57 [DEBUG]      5 ignoreSslErrors : "false"
2021-02-24T17:27:57 [DEBUG]      6 localUrlAccessEnabled : "true"
2021-02-24T17:27:57 [DEBUG]      7 localToRemoteUrlAccessEnabled : "false"
2021-02-24T17:27:57 [DEBUG]      8 outputEncoding : "UTF-8"
2021-02-24T17:27:57 [DEBUG]      9 proxyType : "http"
2021-02-24T17:27:57 [DEBUG]      10 proxy : ":1080"
2021-02-24T17:27:57 [DEBUG]      11 proxyAuth : ":"
2021-02-24T17:27:57 [DEBUG]      12 scriptEncoding : "UTF-8"
2021-02-24T17:27:57 [DEBUG]      13 webSecurityEnabled : "true"
2021-02-24T17:27:57 [DEBUG]      14 offlineStoragePath : ""
2021-02-24T17:27:57 [DEBUG]      15 localStoragePath : ""
2021-02-24T17:27:57 [DEBUG]      16 localStorageDefaultQuota : "-1"
2021-02-24T17:27:57 [DEBUG]      17 offlineStorageDefaultQuota : "-1"
2021-02-24T17:27:57 [DEBUG]      18 printDebugMessages : "true"
2021-02-24T17:27:57 [DEBUG]      19 javascriptCanOpenWindows : "true"
2021-02-24T17:27:57 [DEBUG]      20 javascriptCanCloseWindows : "true"
2021-02-24T17:27:57 [DEBUG]      21 sslProtocol : "default"
2021-02-24T17:27:57 [DEBUG]      22 sslCiphers : "ECDHE-ECDSA-AES128-GCM-SHA256:ECDHE-RSA-AES128-GCM-SHA256:DHE-RSA-AES128-GCM-SHA256:ECDHE-ECDSA-AES256-SHA:ECDHE-ECDSA-AES128-SHA:ECDHE-RSA-AES128-SHA:ECDHE-RSA-AES256-SHA:ECDHE-ECDSA-RC4-SHA:ECDHE-RSA-RC4-SHA:DHE-RSA-AES128-SHA:DHE-DSS-AES128-SHA:DHE-RSA-AES256-SHA:AES128-GCM-SHA256:AES128-SHA:AES256-SHA:DES-CBC3-SHA:RC4-SHA:RC4-MD5"
2021-02-24T17:27:57 [DEBUG]      23 sslCertificatesPath : ""
2021-02-24T17:27:57 [DEBUG]      24 sslClientCertificateFile : ""
2021-02-24T17:27:57 [DEBUG]      25 sslClientKeyFile : ""
2021-02-24T17:27:57 [DEBUG]      26 sslClientKeyPassphrase : ""
2021-02-24T17:27:57 [DEBUG]      27 webdriver : ":8081"
2021-02-24T17:27:57 [DEBUG]      28 webdriverLogFile : ""
2021-02-24T17:27:57 [DEBUG]      29 webdriverLogLevel : "INFO"
2021-02-24T17:27:57 [DEBUG]      30 webdriverSeleniumGridHub : ""
2021-02-24T17:27:57 [DEBUG] Phantom - execute: Script & Arguments
2021-02-24T17:27:57 [DEBUG]      script: "main.js"
2021-02-24T17:27:57 [DEBUG]      0 arg: "--ip="
2021-02-24T17:27:57 [DEBUG]      1 arg: "--port=8081"
2021-02-24T17:27:57 [DEBUG]      2 arg: "--logLevel=INFO"
2021-02-24T17:27:57 [DEBUG] Phantom - execute: Starting Remote WebDriver mode
2021-02-24T17:27:57 [DEBUG] WebPage - setupFrame ""
2021-02-24T17:27:57 [DEBUG] FileSystem - _open: ":/modules/fs.js" QMap(("mode", QVariant(QString, "r")))
2021-02-24T17:27:57 [DEBUG] FileSystem - _open: ":/modules/system.js" QMap(("mode", QVariant(QString, "r")))
2021-02-24T17:27:57 [DEBUG] FileSystem - _open: ":/modules/webpage.js" QMap(("mode", QVariant(QString, "r")))
2021-02-24T17:27:57 [DEBUG] FileSystem - _open: ":/modules/webserver.js" QMap(("mode", QVariant(QString, "r")))
2021-02-24T17:27:57 [DEBUG] FileSystem - _open: ":/ghostdriver/./hub_register.js" QMap(("mode", QVariant(QString, "r")))
2021-02-24T17:27:57 [DEBUG] FileSystem - _open: ":/ghostdriver/./logger.js" QMap(("mode", QVariant(QString, "r")))
2021-02-24T17:27:57 [DEBUG] FileSystem - _open: ":/ghostdriver/./third_party/console++.js" QMap(("mode", QVariant(QString, "r")))
2021-02-24T17:27:57 [DEBUG] FileSystem - _open: ":/ghostdriver/./config.js" QMap(("mode", QVariant(QString, "r")))
2021-02-24T17:27:57 [DEBUG] FileSystem - _open: ":/ghostdriver/./third_party/parseuri.js" QMap(("mode", QVariant(QString, "r")))
2021-02-24T17:27:57 [DEBUG] Phantom - injectJs: "session.js"
2021-02-24T17:27:57 [DEBUG] Phantom - injectJs: prepending ":/ghostdriver/"
2021-02-24T17:27:57 [DEBUG] Phantom - injectJs: "inputs.js"
2021-02-24T17:27:57 [DEBUG] Phantom - injectJs: prepending ":/ghostdriver/"
2021-02-24T17:27:57 [DEBUG] Phantom - injectJs: "request_handlers/request_handler.js"
2021-02-24T17:27:57 [DEBUG] Phantom - injectJs: prepending ":/ghostdriver/"
2021-02-24T17:27:57 [DEBUG] Phantom - injectJs: "request_handlers/status_request_handler.js"
2021-02-24T17:27:57 [DEBUG] Phantom - injectJs: prepending ":/ghostdriver/"
2021-02-24T17:27:57 [DEBUG] FileSystem - _open: ":/ghostdriver/./errors.js" QMap(("mode", QVariant(QString, "r")))
2021-02-24T17:27:57 [DEBUG] Phantom - injectJs: "request_handlers/shutdown_request_handler.js"
2021-02-24T17:27:57 [DEBUG] Phantom - injectJs: prepending ":/ghostdriver/"
2021-02-24T17:27:57 [DEBUG] Phantom - injectJs: "request_handlers/session_manager_request_handler.js"
2021-02-24T17:27:57 [DEBUG] Phantom - injectJs: prepending ":/ghostdriver/"
2021-02-24T17:27:57 [DEBUG] Phantom - injectJs: "request_handlers/session_request_handler.js"
2021-02-24T17:27:57 [DEBUG] Phantom - injectJs: prepending ":/ghostdriver/"
2021-02-24T17:27:57 [DEBUG] Phantom - injectJs: "request_handlers/webelement_request_handler.js"
2021-02-24T17:27:57 [DEBUG] Phantom - injectJs: prepending ":/ghostdriver/"
2021-02-24T17:27:57 [DEBUG] Phantom - injectJs: "request_handlers/router_request_handler.js"
2021-02-24T17:27:57 [DEBUG] Phantom - injectJs: prepending ":/ghostdriver/"
2021-02-24T17:27:57 [DEBUG] Phantom - injectJs: "webelementlocator.js"
2021-02-24T17:27:57 [DEBUG] Phantom - injectJs: prepending ":/ghostdriver/"
[INFO  - 2021-02-24T14:27:57.096Z] GhostDriver - Main - running on port 8081
2021-02-24T17:27:57 [DEBUG] HTTP Request - URI /wd/hub/session
2021-02-24T17:27:57 [DEBUG] HTTP Request - Method POST
2021-02-24T17:27:57 [DEBUG] HTTP Request - HTTP Version 1.1
2021-02-24T17:27:57 [DEBUG] HTTP Request - Query String 
2021-02-24T17:27:57 [DEBUG] HTTP Request - Receiving Header "Host" = "127.0.0.1:8081"
2021-02-24T17:27:57 [DEBUG] HTTP Request - Receiving Header "Accept-Encoding" = "identity"
2021-02-24T17:27:57 [DEBUG] HTTP Request - Receiving Header "Content-Length" = "220"
2021-02-24T17:27:57 [DEBUG] HTTP Request - Receiving Header "Accept" = "application/json"
2021-02-24T17:27:57 [DEBUG] HTTP Request - Receiving Header "Content-Type" = "application/json;charset=UTF-8"
2021-02-24T17:27:57 [DEBUG] HTTP Request - Receiving Header "User-Agent" = "selenium/3.141.0 (python linux)"
2021-02-24T17:27:57 [DEBUG] HTTP Request - Method POST/PUT
2021-02-24T17:27:57 [DEBUG] HTTP Request - Content Body: {"capabilities": {"firstMatch": [{}], "alwaysMatch": {"browserName": "phantomjs", "platformName": "any"}}, "desiredCapabilities": {"browserName": "phantomjs", "version": "", "platform": "ANY", "javascriptEnabled": true}}
2021-02-24T17:27:57 [DEBUG] FileSystem - _open: ":/modules/cookiejar.js" QMap(("mode", QVariant(QString, "r")))
2021-02-24T17:27:57 [DEBUG] CookieJar - Created but will not store cookies (use option '--cookies-file=<filename>' to enable persistent cookie storage)
2021-02-24T17:27:57 [DEBUG] FileSystem - _open: ":/ghostdriver/./third_party/uuid.js" QMap(("mode", QVariant(QString, "r")))
2021-02-24T17:27:57 [DEBUG] WebpageCallbacks - getFilePickerCallback
2021-02-24T17:27:57 [DEBUG] WebpageCallbacks - getGenericCallback
[INFO  - 2021-02-24T14:27:57.997Z] Session [7dadd990-76ac-11eb-8368-0953bcc02b74] - page.settings - {"XSSAuditingEnabled":false,"javascriptCanCloseWindows":true,"javascriptCanOpenWindows":true,"javascriptEnabled":true,"loadImages":true,"localToRemoteUrlAccessEnabled":false,"userAgent":"Mozilla/5.0 (Unknown; Linux x86_64) AppleWebKit/538.1 (KHTML, like Gecko) PhantomJS/2.1.1 Safari/538.1","webSecurityEnabled":true}
[INFO  - 2021-02-24T14:27:57.997Z] Session [7dadd990-76ac-11eb-8368-0953bcc02b74] - page.customHeaders:  - {}
[INFO  - 2021-02-24T14:27:57.997Z] Session [7dadd990-76ac-11eb-8368-0953bcc02b74] - Session.negotiatedCapabilities - {"browserName":"phantomjs","version":"2.1.1","driverName":"ghostdriver","driverVersion":"1.2.0","platform":"linux-unknown-64bit","javascriptEnabled":true,"takesScreenshot":true,"handlesAlerts":false,"databaseEnabled":false,"locationContextEnabled":false,"applicationCacheEnabled":false,"browserConnectionEnabled":false,"cssSelectorsEnabled":true,"webStorageEnabled":false,"rotatable":false,"acceptSslCerts":false,"nativeEvents":true,"proxy":{"proxyType":"direct"}}
[INFO  - 2021-02-24T14:27:57.997Z] SessionManagerReqHand - _postNewSessionCommand - New Session Created: 7dadd990-76ac-11eb-8368-0953bcc02b74
2021-02-24T17:27:57 [DEBUG] HTTP Response - Status Code 200 OK
2021-02-24T17:27:57 [DEBUG] HTTP Response - Sending Header "Cache" = "no-cache"
2021-02-24T17:27:57 [DEBUG] HTTP Response - Sending Header "Content-Length" = "536"
2021-02-24T17:27:57 [DEBUG] HTTP Response - Sending Header "Content-Type" = "application/json;charset=UTF-8"
2021-02-24T17:27:58 [DEBUG] HTTP Request - URI /wd/hub/session/7dadd990-76ac-11eb-8368-0953bcc02b74/window/current/size
2021-02-24T17:27:58 [DEBUG] HTTP Request - Method POST
2021-02-24T17:27:58 [DEBUG] HTTP Request - HTTP Version 1.1
2021-02-24T17:27:58 [DEBUG] HTTP Request - Query String 
2021-02-24T17:27:58 [DEBUG] HTTP Request - Receiving Header "Host" = "127.0.0.1:8081"
2021-02-24T17:27:58 [DEBUG] HTTP Request - Receiving Header "Accept-Encoding" = "identity"
2021-02-24T17:27:58 [DEBUG] HTTP Request - Receiving Header "Content-Length" = "109"
2021-02-24T17:27:58 [DEBUG] HTTP Request - Receiving Header "Accept" = "application/json"
2021-02-24T17:27:58 [DEBUG] HTTP Request - Receiving Header "Content-Type" = "application/json;charset=UTF-8"
2021-02-24T17:27:58 [DEBUG] HTTP Request - Receiving Header "User-Agent" = "selenium/3.141.0 (python linux)"
2021-02-24T17:27:58 [DEBUG] HTTP Request - Method POST/PUT
2021-02-24T17:27:58 [DEBUG] HTTP Request - Content Body: {"width": 800, "height": 600, "windowHandle": "current", "sessionId": "7dadd990-76ac-11eb-8368-0953bcc02b74"}
2021-02-24T17:27:58 [DEBUG] HTTP Response - Status Code 200 OK
2021-02-24T17:27:58 [DEBUG] HTTP Response - Sending Header "Cache" = "no-cache"
2021-02-24T17:27:58 [DEBUG] HTTP Response - Sending Header "Content-Length" = "74"
2021-02-24T17:27:58 [DEBUG] HTTP Response - Sending Header "Content-Type" = "application/json;charset=UTF-8"
2021-02-24T17:27:58 [DEBUG] HTTP Request - URI /wd/hub/session/7dadd990-76ac-11eb-8368-0953bcc02b74/url
2021-02-24T17:27:58 [DEBUG] HTTP Request - Method POST
2021-02-24T17:27:58 [DEBUG] HTTP Request - HTTP Version 1.1
2021-02-24T17:27:58 [DEBUG] HTTP Request - Query String 
2021-02-24T17:27:58 [DEBUG] HTTP Request - Receiving Header "Host" = "127.0.0.1:8081"
2021-02-24T17:27:58 [DEBUG] HTTP Request - Receiving Header "Accept-Encoding" = "identity"
2021-02-24T17:27:58 [DEBUG] HTTP Request - Receiving Header "Content-Length" = "144"
2021-02-24T17:27:58 [DEBUG] HTTP Request - Receiving Header "Accept" = "application/json"
2021-02-24T17:27:58 [DEBUG] HTTP Request - Receiving Header "Content-Type" = "application/json;charset=UTF-8"
2021-02-24T17:27:58 [DEBUG] HTTP Request - Receiving Header "User-Agent" = "selenium/3.141.0 (python linux)"
2021-02-24T17:27:58 [DEBUG] HTTP Request - Method POST/PUT
2021-02-24T17:27:58 [DEBUG] HTTP Request - Content Body: {"url": "https://sotis-online.ru/?chr=dt:20210224085232;cid:2417766;sx:m;name:New%20chart", "sessionId": "7dadd990-76ac-11eb-8368-0953bcc02b74"}
2021-02-24T17:27:58 [DEBUG] WebPage - updateLoadingProgress: 10
2021-02-24T17:27:58 [DEBUG] CookieJar - Saved "mobile=0; expires=Thu, 24-Feb-2022 14:27:58 GMT; domain=sotis-online.ru; path=/"
2021-02-24T17:27:58 [DEBUG] WebPage - updateLoadingProgress: 17
2021-02-24T17:27:58 [DEBUG] WebPage - updateLoadingProgress: 20
2021-02-24T17:27:58 [DEBUG] WebPage - updateLoadingProgress: 22
2021-02-24T17:27:58 [DEBUG] WebPage - updateLoadingProgress: 24
2021-02-24T17:27:58 [DEBUG] WebPage - updateLoadingProgress: 27
2021-02-24T17:27:58 [DEBUG] WebPage - updateLoadingProgress: 29
2021-02-24T17:27:58 [DEBUG] WebPage - updateLoadingProgress: 33
2021-02-24T17:27:58 [DEBUG] WebPage - updateLoadingProgress: 35
2021-02-24T17:27:58 [DEBUG] WebPage - updateLoadingProgress: 38
2021-02-24T17:27:58 [DEBUG] WebPage - updateLoadingProgress: 40
2021-02-24T17:27:58 [DEBUG] WebPage - setupFrame ""
2021-02-24T17:27:58 [DEBUG] WebPage - updateLoadingProgress: 41
2021-02-24T17:27:59 [DEBUG] WebPage - updateLoadingProgress: 44
2021-02-24T17:27:59 [DEBUG] WebPage - updateLoadingProgress: 45
2021-02-24T17:27:59 [DEBUG] WebPage - updateLoadingProgress: 49
2021-02-24T17:27:59 [DEBUG] WebPage - updateLoadingProgress: 53
2021-02-24T17:27:59 [DEBUG] WebPage - updateLoadingProgress: 57
2021-02-24T17:27:59 [DEBUG] WebPage - updateLoadingProgress: 62
2021-02-24T17:27:59 [DEBUG] WebPage - updateLoadingProgress: 64
2021-02-24T17:27:59 [DEBUG] WebPage - updateLoadingProgress: 67
2021-02-24T17:27:59 [DEBUG] WebPage - updateLoadingProgress: 70
2021-02-24T17:27:59 [DEBUG] WebPage - updateLoadingProgress: 72
2021-02-24T17:27:59 [DEBUG] WebPage - updateLoadingProgress: 75
2021-02-24T17:27:59 [DEBUG] WebPage - updateLoadingProgress: 78
2021-02-24T17:27:59 [DEBUG] Network - SSL Error: "The issuer certificate of a locally looked up certificate could not be found"
2021-02-24T17:27:59 [DEBUG] Network - SSL Error: "The root CA certificate is not trusted for this purpose"
2021-02-24T17:27:59 [DEBUG] Network - Resource request error: QNetworkReply::NetworkError(SslHandshakeFailedError) ( "SSL handshake failed" ) URL: "https://mc.yandex.ru/metrika/tag.js"
2021-02-24T17:27:59 [DEBUG] WebPage - updateLoadingProgress: 100
2021-02-24T17:27:59 [DEBUG] WebPage - setupFrame ""
2021-02-24T17:27:59 [DEBUG] HTTP Response - Status Code 200 OK
2021-02-24T17:27:59 [DEBUG] HTTP Response - Sending Header "Cache" = "no-cache"
2021-02-24T17:27:59 [DEBUG] HTTP Response - Sending Header "Content-Length" = "74"
2021-02-24T17:27:59 [DEBUG] HTTP Response - Sending Header "Content-Type" = "application/json;charset=UTF-8"
2021-02-24T17:27:59 [DEBUG] HTTP Request - URI /wd/hub/session/7dadd990-76ac-11eb-8368-0953bcc02b74/execute
2021-02-24T17:27:59 [DEBUG] HTTP Request - Method POST
2021-02-24T17:27:59 [DEBUG] HTTP Request - HTTP Version 1.1
2021-02-24T17:27:59 [DEBUG] HTTP Request - Query String 
2021-02-24T17:27:59 [DEBUG] HTTP Request - Receiving Header "Host" = "127.0.0.1:8081"
2021-02-24T17:27:59 [DEBUG] HTTP Request - Receiving Header "Accept-Encoding" = "identity"
2021-02-24T17:27:59 [DEBUG] HTTP Request - Receiving Header "Content-Length" = "212"
2021-02-24T17:27:59 [DEBUG] HTTP Request - Receiving Header "Accept" = "application/json"
2021-02-24T17:27:59 [DEBUG] HTTP Request - Receiving Header "Content-Type" = "application/json;charset=UTF-8"
2021-02-24T17:27:59 [DEBUG] HTTP Request - Receiving Header "User-Agent" = "selenium/3.141.0 (python linux)"
2021-02-24T17:27:59 [DEBUG] HTTP Request - Method POST/PUT
2021-02-24T17:27:59 [DEBUG] HTTP Request - Content Body: {"script": "return document.querySelector('th[data-t^=\"\u0412\u0435\u043d\u0435\u0440\u0430\"]').nextElementSibling.nextElementSibling.innerText", "args": [], "sessionId": "7dadd990-76ac-11eb-8368-0953bcc02b74"}
2021-02-24T17:27:59 [DEBUG] FileSystem - _open: ":/ghostdriver/./webdriver_atoms.js" QMap(("mode", QVariant(QString, "r")))
2021-02-24T17:27:59 [DEBUG] FileSystem - _open: ":/ghostdriver/./third_party/webdriver-atoms/execute_script.js" QMap(("mode", QVariant(QString, "r")))
2021-02-24T17:27:59 [DEBUG] WebPage - evaluateJavaScript "(function() { return (function(){return function(){var g=this;\nfunction h(a){var b=typeof a;if(\"object\"==b)if(a){if(a instanceof Array)return\"array\";if(a instanceof Object)return b;var c=Object.prototype.toString.call(a);if(\"[object Window]\"==c)return\"object\";if(\"[object Array]\"==c||\"number\"==typeof a.length&&\"undefined\"!=typeof a.splice&&\"undefined\"!=typeof a.propertyIsEnumerable&&!a.propertyIsEnumerable(\"splice\"))return\"array\";if(\"[object Function]\"==c||\"undefined\"!=typeof a.call&&\"undefined\"!=typeof a.propertyIsEnumerable&&!a.propertyIsEnumerable(\"call\"))return\"function\"}else return\"null\";else if(\"function\"==\nb&&\"undefined\"==typeof a.call)return\"object\";return b}function aa(a){var b=h(a);return\"array\"==b||\"object\"==b&&\"number\"==typeof a.length}function ba(a){var b=typeof a;return\"object\"==b&&null!=a||\"function\"==b}var ca=Date.now||function(){return+new Date};var da=window;function m(a,b){this.code=a;this.state=n[a]||ea;this.message=b||\"\";var c=this.state.replace(/((?:^|\\s+)[a-z])/g,function(a){return a.toUpperCase().replace(/^[\\s\\xa0]+/g,\"\")}),d=c.length-5;if(0>d||c.indexOf(\"Error\",d)!=d)c+=\"Error\";this.name=c;c=Error(this.message);c.name=this.name;this.stack=c.stack||\"\"}(function(){var a=Error;function b(){}b.prototype=a.prototype;m.d=a.prototype;m.prototype=new b})();\nvar ea=\"unknown error\",n={15:\"element not selectable\",11:\"element not visible\",31:\"ime engine activation failed\",30:\"ime not available\",24:\"invalid cookie domain\",29:\"invalid element coordinates\",12:\"invalid element state\",32:\"invalid selector\",51:\"invalid selector\",52:\"invalid selector\",17:\"javascript error\",405:\"unsupported operation\",34:\"move target out of bounds\",27:\"no such alert\",7:\"no such element\",8:\"no such frame\",23:\"no such window\",28:\"script timeout\",33:\"session not created\",10:\"stale element reference\",\n0:\"success\",21:\"timeout\",25:\"unable to set cookie\",26:\"unexpected alert open\"};n[13]=ea;n[9]=\"unknown command\";m.prototype.toString=function(){return this.name+\": \"+this.message};function p(a,b){for(var c=0,d=String(a).replace(/^[\\s\\xa0]+|[\\s\\xa0]+$/g,\"\").split(\".\"),e=String(b).replace(/^[\\s\\xa0]+|[\\s\\xa0]+$/g,\"\").split(\".\"),f=Math.max(d.length,e.length),q=0;0==c&&q<f;q++){var v=d[q]||\"\",xa=e[q]||\"\",ya=RegExp(\"(\\\\d*)(\\\\D*)\",\"g\"),za=RegExp(\"(\\\\d*)(\\\\D*)\",\"g\");do{var k=ya.exec(v)||[\"\",\"\",\"\"],l=za.exec(xa)||[\"\",\"\",\"\"];if(0==k[0].length&&0==l[0].length)break;c=((0==k[1].length?0:parseInt(k[1],10))<(0==l[1].length?0:parseInt(l[1],10))?-1:(0==k[1].length?0:parseInt(k[1],10))>(0==\nl[1].length?0:parseInt(l[1],10))?1:0)||((0==k[2].length)<(0==l[2].length)?-1:(0==k[2].length)>(0==l[2].length)?1:0)||(k[2]<l[2]?-1:k[2]>l[2]?1:0)}while(0==c)}return c};var r,s,t,u;function w(){return g.navigator?g.navigator.userAgent:null}u=t=s=r=!1;var x;if(x=w()){var fa=g.navigator;r=0==x.indexOf(\"Opera\");s=!r&&-1!=x.indexOf(\"MSIE\");t=!r&&-1!=x.indexOf(\"WebKit\");u=!r&&!t&&\"Gecko\"==fa.product}var y=r,z=s,A=u,ga=t;function ha(){var a=g.document;return a?a.documentMode:void 0}var B;\na:{var C=\"\",D;if(y&&g.opera)var E=g.opera.version,C=\"function\"==typeof E?E():E;else if(A?D=/rv\\:([^\\);]+)(\\)|;)/:z?D=/MSIE\\s+([^\\);]+)(\\)|;)/:ga&&(D=/WebKit\\/(\\S+)/),D)var ia=D.exec(w()),C=ia?ia[1]:\"\";if(z){var ja=ha();if(ja>parseFloat(C)){B=String(ja);break a}}B=C}var ka={};function F(a){return ka[a]||(ka[a]=0<=p(B,a))}var la=g.document,G=la&&z?ha()||(\"CSS1Compat\"==la.compatMode?parseInt(B,10):5):void 0;var H,I,J,K,L,M,N;N=M=L=K=J=I=H=!1;var O=w();O&&(-1!=O.indexOf(\"Firefox\")?H=!0:-1!=O.indexOf(\"Camino\")?I=!0:-1!=O.indexOf(\"iPhone\")||-1!=O.indexOf(\"iPod\")?J=!0:-1!=O.indexOf(\"iPad\")?K=!0:-1!=O.indexOf(\"Android\")?L=!0:-1!=O.indexOf(\"Chrome\")?M=!0:-1!=O.indexOf(\"Safari\")&&(N=!0));var ma=H,na=I,oa=J,pa=K,P=L,qa=M,ra=N;function Q(a){return(a=a.exec(w()))?a[1]:\"\"}var sa=function(){if(ma)return Q(/Firefox\\/([0-9.]+)/);if(z||y)return B;if(qa)return Q(/Chrome\\/([0-9.]+)/);if(ra)return Q(/Version\\/([0-9.]+)/);if(oa||pa){var a=/Version\\/(\\S+).*Mobile\\/(\\S+)/.exec(w());if(a)return a[1]+\".\"+a[2]}else{if(P)return(a=Q(/Android\\s+([0-9.]+)/))?a:Q(/Version\\/([0-9.]+)/);if(na)return Q(/Camino\\/([0-9.]+)/)}return\"\"}();var R,ta;function S(a){T?ta(a):P?p(ua,a):p(sa,a)}var T=function(){if(!A)return!1;var a=g.Components;if(!a)return!1;try{if(!a.classes)return!1}catch(b){return!1}var c=a.classes,a=a.interfaces,d=c[\"@mozilla.org/xpcom/version-comparator;1\"].getService(a.nsIVersionComparator),c=c[\"@mozilla.org/xre/app-info;1\"].getService(a.nsIXULAppInfo),e=c.platformVersion,f=c.version;R=function(a){return 0<=d.c(e,\"\"+a)};ta=function(a){d.c(f,\"\"+a)};return!0}(),U;\nif(P){var va=/Android\\s+([0-9\\.]+)/.exec(w());U=va?va[1]:\"0\"}else U=\"0\";var ua=U;P&&S(2.3);P&&S(4);ra&&S(6);function wa(){this.a=void 0}\nfunction V(a,b,c){switch(typeof b){case \"string\":Aa(b,c);break;case \"number\":c.push(isFinite(b)&&!isNaN(b)?b:\"null\");break;case \"boolean\":c.push(b);break;case \"undefined\":c.push(\"null\");break;case \"object\":if(null==b){c.push(\"null\");break}if(\"array\"==h(b)){var d=b.length;c.push(\"[\");for(var e=\"\",f=0;f<d;f++)c.push(e),e=b[f],V(a,a.a?a.a.call(b,String(f),e):e,c),e=\",\";c.push(\"]\");break}c.push(\"{\");d=\"\";for(f in b)Object.prototype.hasOwnProperty.call(b,f)&&(e=b[f],\"function\"!=typeof e&&(c.push(d),Aa(f,\nc),c.push(\":\"),V(a,a.a?a.a.call(b,f,e):e,c),d=\",\"));c.push(\"}\");break;case \"function\":break;default:throw Error(\"Unknown type: \"+typeof b);}}var W={'\"':'\\\\\"',\"\\\\\":\"\\\\\\\\\",\"/\":\"\\\\/\",\"\\b\":\"\\\\b\",\"\\f\":\"\\\\f\",\"\\n\":\"\\\\n\",\"\\r\":\"\\\\r\",\"\\t\":\"\\\\t\",\"\\x0B\":\"\\\\u000b\"},Ba=/\\uffff/.test(\"\\uffff\")?/[\\\\\\\"\\x00-\\x1f\\x7f-\\uffff]/g:/[\\\\\\\"\\x00-\\x1f\\x7f-\\xff]/g;\nfunction Aa(a,b){b.push('\"',a.replace(Ba,function(a){if(a in W)return W[a];var b=a.charCodeAt(0),e=\"\\\\u\";16>b?e+=\"000\":256>b?e+=\"00\":4096>b&&(e+=\"0\");return W[a]=e+b.toString(16)}),'\"')};ga||y||A&&(T?R(3.5):z?0<=p(G,3.5):F(3.5))||z&&(T?R(8):z?p(G,8):F(8));function Ca(a,b){for(var c=a.length,d=Array(c),e=\"string\"==typeof a?a.split(\"\"):a,f=0;f<c;f++)f in e&&(d[f]=b.call(void 0,e[f],f,a));return d};if(A||z){var Da;if(Da=z)Da=z&&9<=G;Da||A&&F(\"1.9.1\")}z&&F(\"9\");function Ea(a,b){var c={},d;for(d in a)b.call(void 0,a[d],d,a)&&(c[d]=a[d]);return c}function Fa(a,b){var c={},d;for(d in a)c[d]=b.call(void 0,a[d],d,a);return c}function Ga(a,b){for(var c in a)if(b.call(void 0,a[c],c,a))return c};function X(a){switch(h(a)){case \"string\":case \"number\":case \"boolean\":return a;case \"function\":return a.toString();case \"array\":return Ca(a,X);case \"object\":if(\"nodeType\"in a&&(1==a.nodeType||9==a.nodeType)){var b={};b.ELEMENT=Ha(a);return b}if(\"document\"in a)return b={},b.WINDOW=Ha(a),b;if(aa(a))return Ca(a,X);a=Ea(a,function(a,b){return\"number\"==typeof b||\"string\"==typeof b});return Fa(a,X);default:return null}}\nfunction Ia(a,b){return\"array\"==h(a)?Ca(a,function(a){return Ia(a,b)}):ba(a)?\"function\"==typeof a?a:\"ELEMENT\"in a?Ja(a.ELEMENT,b):\"WINDOW\"in a?Ja(a.WINDOW,b):Fa(a,function(a){return Ia(a,b)}):a}function Ka(a){a=a||document;var b=a.$wdc_;b||(b=a.$wdc_={},b.b=ca());b.b||(b.b=ca());return b}function Ha(a){var b=Ka(a.ownerDocument),c=Ga(b,function(b){return b==a});c||(c=\":wdc:\"+b.b++,b[c]=a);return c}\nfunction Ja(a,b){a=decodeURIComponent(a);var c=b||document,d=Ka(c);if(!(a in d))throw new m(10,\"Element does not exist in cache\");var e=d[a];if(\"setInterval\"in e){if(e.closed)throw delete d[a],new m(23,\"Window has been closed.\");return e}for(var f=e;f;){if(f==c.documentElement)return e;f=f.parentNode}delete d[a];throw new m(10,\"Element is no longer attached to the DOM\");};function La(a,b,c,d){d=d||da;var e;try{a=\"string\"==typeof a?new d.Function(a):d==window?a:new d.Function(\"return (\"+a+\").apply(null,arguments);\");var f=Ia(b,d.document),q=a.apply(null,f);e={status:0,value:X(q)}}catch(v){e={status:\"code\"in v?v.code:13,value:{message:v.message}}}c&&(a=[],V(new wa,e,a),e=a.join(\"\"));return e}var Y=[\"_\"],Z=g;Y[0]in Z||!Z.execScript||Z.execScript(\"var \"+Y[0]);for(var $;Y.length&&($=Y.shift());)Y.length||void 0===La?Z=Z[$]?Z[$]:Z[$]={}:Z[$]=La;; return this._.apply(null,arguments);}.apply({navigator:typeof window!=undefined?window.navigator:null,document:typeof window!=undefined?window.document:null}, arguments);}\n)(\"return document.querySelector('th[data-t^=\\\"Венера\\\"]').nextElementSibling.nextElementSibling.innerText\",[],true); })()"
2021-02-24T17:27:59 [DEBUG] WebPage - evaluateJavaScript result QVariant(QString, "{\"status\":0,\"value\":\"E\"}")
2021-02-24T17:27:59 [DEBUG] HTTP Response - Status Code 200 OK
2021-02-24T17:27:59 [DEBUG] HTTP Response - Sending Header "Cache" = "no-cache"
2021-02-24T17:27:59 [DEBUG] HTTP Response - Sending Header "Content-Length" = "75"
2021-02-24T17:27:59 [DEBUG] HTTP Response - Sending Header "Content-Type" = "application/json;charset=UTF-8"
2021-02-24T17:27:59 [DEBUG] HTTP Request - URI /wd/hub/session/7dadd990-76ac-11eb-8368-0953bcc02b74/window
2021-02-24T17:27:59 [DEBUG] HTTP Request - Method DELETE
2021-02-24T17:27:59 [DEBUG] HTTP Request - HTTP Version 1.1
2021-02-24T17:27:59 [DEBUG] HTTP Request - Query String 
2021-02-24T17:27:59 [DEBUG] HTTP Request - Receiving Header "Host" = "127.0.0.1:8081"
2021-02-24T17:27:59 [DEBUG] HTTP Request - Receiving Header "Accept-Encoding" = "identity"
2021-02-24T17:27:59 [DEBUG] HTTP Request - Receiving Header "Accept" = "application/json"
2021-02-24T17:27:59 [DEBUG] HTTP Request - Receiving Header "Content-Type" = "application/json;charset=UTF-8"
2021-02-24T17:27:59 [DEBUG] HTTP Request - Receiving Header "User-Agent" = "selenium/3.141.0 (python linux)"
2021-02-24T17:27:59 [DEBUG] HTTP Response - Status Code 200 OK
2021-02-24T17:27:59 [DEBUG] HTTP Response - Sending Header "Cache" = "no-cache"
2021-02-24T17:27:59 [DEBUG] HTTP Response - Sending Header "Content-Length" = "74"
2021-02-24T17:27:59 [DEBUG] HTTP Response - Sending Header "Content-Type" = "application/json;charset=UTF-8"
2021-02-24T17:27:59 [DEBUG] Network - Resource request error: QNetworkReply::NetworkError(OperationCanceledError) ( "Operation canceled" ) URL: "https://sotis-online.ru/get.php?chr=dt:20210224085232;cid:2417766;sx:m;name:New%20chart&ajax=1"
1614239565388	geckodriver	INFO	Listening on 127.0.0.1:34103
1614239566426	mozrunner::runner	INFO	Running command: "/usr/bin/firefox" "--marionette" "-headless" "-foreground" "-no-remote" "-profile" "/tmp/rust_mozprofile9isdVZ"
*** You are running in headless mode.
1614239569703	addons.webextension.screenshots@mozilla.org	WARN	Loading extension 'screenshots@mozilla.org': Reading manifest: Invalid host permission: resource://pdf.js/
1614239569703	addons.webextension.screenshots@mozilla.org	WARN	Loading extension 'screenshots@mozilla.org': Reading manifest: Invalid host permission: about:reader*
1614239574798	Marionette	INFO	Listening on port 42675
1614239574830	Marionette	WARN	TLS certificate errors will be ignored for this session
JavaScript warning: https://mc.yandex.ru/metrika/tag.js, line 113: Error: WebGL warning: <SetDimensions>: Can't use WebGL in headless mode (https://bugzil.la/1375585).
JavaScript warning: https://mc.yandex.ru/metrika/tag.js, line 113: Error: WebGL warning: <SetDimensions>: Failed to create WebGL context: WebGL creation failed: 
* Can't use WebGL in headless mode (https://bugzil.la/1375585).
JavaScript warning: https://mc.yandex.ru/metrika/tag.js, line 113: Error: WebGL warning: <SetDimensions>: Can't use WebGL in headless mode (https://bugzil.la/1375585).
JavaScript warning: https://mc.yandex.ru/metrika/tag.js, line 113: Error: WebGL warning: <SetDimensions>: Failed to create WebGL context: WebGL creation failed: 
* Can't use WebGL in headless mode (https://bugzil.la/1375585).

(/usr/lib/firefox/firefox:9839): dconf-WARNING **: 07:53:03.704: Unable to open /var/lib/flatpak/exports/share/dconf/profile/user: Permission denied
JavaScript error: jar:file:///usr/lib/firefox/omni.ja!/components/PeerConnection.js, line 1895: TypeError: this._dompc._pc is undefined
1614239584333	Marionette	INFO	Stopped listening on port 42675
[Parent 9665, Gecko_IOThread] WARNING: pipe error (65): Connection reset by peer: file /build/firefox-fvtOIe/firefox-64.0+linuxmint2+tessa/ipc/chromium/src/chrome/common/ipc_channel_posix.cc, line 363
[Parent 9665, Gecko_IOThread] WARNING: pipe error (81): Connection reset by peer: file /build/firefox-fvtOIe/firefox-64.0+linuxmint2+tessa/ipc/chromium/src/chrome/common/ipc_channel_posix.cc, line 363
[Parent 9665, Gecko_IOThread] WARNING: pipe error (31): Connection reset by peer: file /build/firefox-fvtOIe/firefox-64.0+linuxmint2+tessa/ipc/chromium/src/chrome/common/ipc_channel_posix.cc, line 363
[Parent 9665, Gecko_IOThread] WARNING: pipe error (126): Connection reset by peer: file /build/firefox-fvtOIe/firefox-64.0+linuxmint2+tessa/ipc/chromium/src/chrome/common/ipc_channel_posix.cc, line 363
